avatar/Temp/gradleOut/launcher/build/intermediates/manifest_merge_blame_file/release/manifest-merger-blame-release-report.txt
1<?xml version="1.0" encoding="utf-8"?>
2<!-- GENERATED BY UNITY. REMOVE THIS COMMENT TO PREVENT OVERWRITING WHEN EXPORTING AGAIN -->
3<manifest xmlns:android="http://schemas.android.com/apk/res/android"
4    package="com.DefaultCompany.avatar"
5    android:installLocation="preferExternal"
6    android:versionCode="1"
7    android:versionName="0.1" >
8
9    <uses-sdk
10        android:minSdkVersion="23"
10-->src/main/AndroidManifest.xml
11        android:targetSdkVersion="30" />
11-->src/main/AndroidManifest.xml
12
13    <supports-screens
13-->src/main/AndroidManifest.xml:4:3-163
14        android:anyDensity="true"
14-->src/main/AndroidManifest.xml:4:135-160
15        android:largeScreens="true"
15-->src/main/AndroidManifest.xml:4:78-105
16        android:normalScreens="true"
16-->src/main/AndroidManifest.xml:4:49-77
17        android:smallScreens="true"
17-->src/main/AndroidManifest.xml:4:21-48
18        android:xlargeScreens="true" />
18-->src/main/AndroidManifest.xml:4:106-134
19
20    <uses-feature android:glEsVersion="0x00030000" />
20-->[:unityLibrary] AndroidManifest.xml:14:5-54
20-->[:unityLibrary] AndroidManifest.xml:14:19-51
21
22    <supports-gl-texture android:name="GL_KHR_texture_compression_astc_ldr" />
22-->[:unityLibrary] AndroidManifest.xml:16:5-79
22-->[:unityLibrary] AndroidManifest.xml:16:26-76
23
24    <uses-permission android:name="android.permission.INTERNET" />
24-->[:unityLibrary] AndroidManifest.xml:18:5-67
24-->[:unityLibrary] AndroidManifest.xml:18:22-64
25    <uses-permission android:name="android.permission.RECORD_AUDIO" />
25-->[:unityLibrary] AndroidManifest.xml:19:5-71
25-->[:unityLibrary] AndroidManifest.xml:19:22-68
26    <uses-permission android:name="android.permission.MODIFY_AUDIO_SETTINGS" />
26-->[:unityLibrary] AndroidManifest.xml:20:5-80
26-->[:unityLibrary] AndroidManifest.xml:20:22-77
27
28    <uses-feature
28-->[:unityLibrary] AndroidManifest.xml:22:5-24:36
29        android:name="android.hardware.microphone"
29-->[:unityLibrary] AndroidManifest.xml:23:9-51
30        android:required="false" />
30-->[:unityLibrary] AndroidManifest.xml:24:9-33
31    <uses-feature
31-->[:unityLibrary] AndroidManifest.xml:25:5-27:36
32        android:name="android.hardware.touchscreen"
32-->[:unityLibrary] AndroidManifest.xml:26:9-52
33        android:required="false" />
33-->[:unityLibrary] AndroidManifest.xml:27:9-33
34    <uses-feature
34-->[:unityLibrary] AndroidManifest.xml:28:5-30:36
35        android:name="android.hardware.touchscreen.multitouch"
35-->[:unityLibrary] AndroidManifest.xml:29:9-63
36        android:required="false" />
36-->[:unityLibrary] AndroidManifest.xml:30:9-33
37    <uses-feature
37-->[:unityLibrary] AndroidManifest.xml:31:5-33:36
38        android:name="android.hardware.touchscreen.multitouch.distinct"
38-->[:unityLibrary] AndroidManifest.xml:32:9-72
39        android:required="false" />
39-->[:unityLibrary] AndroidManifest.xml:33:9-33
40    <uses-feature
40-->[:unityLibrary] AndroidManifest.xml:34:5-37:31
41        android:name="android.hardware.vr.headtracking"
41-->[:unityLibrary] AndroidManifest.xml:35:9-56
42        android:required="true"
42-->[:unityLibrary] AndroidManifest.xml:36:9-32
43        android:version="1" />
43-->[:unityLibrary] AndroidManifest.xml:37:9-28
44
45    <application
45-->src/main/AndroidManifest.xml:5:3-116
46        android:extractNativeLibs="true"
46-->src/main/AndroidManifest.xml:5:16-48
47        android:icon="@mipmap/app_icon"
47-->src/main/AndroidManifest.xml:5:82-113
48        android:label="@string/app_name" >
48-->src/main/AndroidManifest.xml:5:49-81
49        <activity
49-->[:unityLibrary] AndroidManifest.xml:40:9-64:20
50            android:name="com.unity3d.player.UnityPlayerActivity"
50-->[:unityLibrary] AndroidManifest.xml:41:13-66
51            android:configChanges="keyboard|keyboardHidden|navigation|orientation|screenLayout|screenSize|uiMode"
51-->[:unityLibrary] AndroidManifest.xml:42:13-114
52            android:hardwareAccelerated="false"
52-->[:unityLibrary] AndroidManifest.xml:43:13-48
53            android:launchMode="singleTask"
53-->[:unityLibrary] AndroidManifest.xml:44:13-44
54            android:resizeableActivity="false"
54-->[:unityLibrary] AndroidManifest.xml:45:13-47
55            android:screenOrientation="landscape"
55-->[:unityLibrary] AndroidManifest.xml:46:13-50
56            android:theme="@android:style/Theme.Black.NoTitleBar.Fullscreen" >
56-->[:unityLibrary] AndroidManifest.xml:47:13-77
57            <intent-filter>
57-->[:unityLibrary] AndroidManifest.xml:48:13-53:29
58                <action android:name="android.intent.action.MAIN" />
58-->[:unityLibrary] AndroidManifest.xml:49:17-69
58-->[:unityLibrary] AndroidManifest.xml:49:25-66
59
60                <category android:name="android.intent.category.LAUNCHER" />
60-->[:unityLibrary] AndroidManifest.xml:51:17-77
60-->[:unityLibrary] AndroidManifest.xml:51:27-74
61                <category android:name="com.oculus.intent.category.VR" />
61-->[:unityLibrary] AndroidManifest.xml:52:17-74
61-->[:unityLibrary] AndroidManifest.xml:52:27-71
62            </intent-filter>
63
64            <meta-data
64-->[:unityLibrary] AndroidManifest.xml:55:13-57:40
65                android:name="unityplayer.UnityActivity"
65-->[:unityLibrary] AndroidManifest.xml:56:17-57
66                android:value="true" />
66-->[:unityLibrary] AndroidManifest.xml:57:17-37
67            <meta-data
67-->[:unityLibrary] AndroidManifest.xml:58:13-60:40
68                android:name="android.notch_support"
68-->[:unityLibrary] AndroidManifest.xml:59:17-53
69                android:value="true" />
69-->[:unityLibrary] AndroidManifest.xml:60:17-37
70            <meta-data
70-->[:unityLibrary] AndroidManifest.xml:61:13-63:40
71                android:name="com.oculus.vr.focusaware"
71-->[:unityLibrary] AndroidManifest.xml:62:17-56
72                android:value="true" />
72-->[:unityLibrary] AndroidManifest.xml:63:17-37
73        </activity>
74
75        <meta-data
75-->[:unityLibrary] AndroidManifest.xml:66:9-68:33
76            android:name="unity.splash-mode"
76-->[:unityLibrary] AndroidManifest.xml:67:13-45
77            android:value="0" />
77-->[:unityLibrary] AndroidManifest.xml:68:13-30
78        <meta-data
78-->[:unityLibrary] AndroidManifest.xml:69:9-71:36
79            android:name="unity.splash-enable"
79-->[:unityLibrary] AndroidManifest.xml:70:13-47
80            android:value="True" />
80-->[:unityLibrary] AndroidManifest.xml:71:13-33
81        <meta-data
81-->[:unityLibrary] AndroidManifest.xml:72:9-74:37
82            android:name="unity.allow-resizable-window"
82-->[:unityLibrary] AndroidManifest.xml:73:13-56
83            android:value="False" />
83-->[:unityLibrary] AndroidManifest.xml:74:13-34
84        <meta-data
84-->[:unityLibrary] AndroidManifest.xml:75:9-77:50
85            android:name="notch.config"
85-->[:unityLibrary] AndroidManifest.xml:76:13-40
86            android:value="portrait|landscape" />
86-->[:unityLibrary] AndroidManifest.xml:77:13-47
87        <meta-data
87-->[:unityLibrary] AndroidManifest.xml:78:9-80:68
88            android:name="unity.build-id"
88-->[:unityLibrary] AndroidManifest.xml:79:13-42
89            android:value="9d382a99-6074-4b78-9497-d78b689b27be" />
89-->[:unityLibrary] AndroidManifest.xml:80:13-65
90        <meta-data
90-->[:unityLibrary] AndroidManifest.xml:81:9-83:39
91            android:name="com.samsung.android.vr.application.mode"
91-->[:unityLibrary] AndroidManifest.xml:82:13-67
92            android:value="vr_only" />
92-->[:unityLibrary] AndroidManifest.xml:83:13-36
93        <meta-data
93-->[:unityLibrary] AndroidManifest.xml:84:9-86:37
94            android:name="com.unity.xr.oculus.LowOverheadMode"
94-->[:unityLibrary] AndroidManifest.xml:85:13-63
95            android:value="false" />
95-->[:unityLibrary] AndroidManifest.xml:86:13-34
96        <meta-data
96-->[:unityLibrary] AndroidManifest.xml:87:9-89:44
97            android:name="com.oculus.supportedDevices"
97-->[:unityLibrary] AndroidManifest.xml:88:13-55
98            android:value="quest|quest2" />
98-->[:unityLibrary] AndroidManifest.xml:89:13-41
99    </application>
100
101</manifest>